<?xml version="1.0" encoding="UTF-8"?>
<!-- Generated by org.testng.reporters.JUnitReportReporter -->
<testsuite hostname="ASISH" failures="0" tests="1" name="com.VtigerProject.genric.JavaUtils" time="0.064" errors="0" timestamp="2024-01-31T15:20:10 IST" skipped="0">
  <testcase classname="com.VtigerProject.genric.JavaUtils" name="m1" time="0.064"/>
</testsuite> <!-- com.VtigerProject.genric.JavaUtils -->
