<?xml version="1.0" encoding="UTF-8"?>
<!-- Generated by org.testng.reporters.JUnitReportReporter -->
<testsuite hostname="ASISH" failures="0" tests="3" name="com.VtigerProject.genric.DataProviderClass" time="0.025" errors="0" timestamp="2024-02-08T14:42:35 IST" skipped="0">
  <testcase classname="com.VtigerProject.genric.DataProviderClass" name="m1" time="0.010"/>
  <system-out/>
  <testcase classname="com.VtigerProject.genric.DataProviderClass" name="m1" time="0.003"/>
  <system-out/>
  <testcase classname="com.VtigerProject.genric.DataProviderClass" name="m1" time="0.012"/>
  <system-out/>
</testsuite> <!-- com.VtigerProject.genric.DataProviderClass -->
