<?xml version="1.0" encoding="UTF-8"?>
<!-- Generated by org.testng.reporters.JUnitReportReporter -->
<testsuite hostname="ASISH" failures="0" tests="1" name="com.VtigerProject.genric.BaseClass" time="20.294" errors="0" timestamp="2024-02-01T15:33:54 IST" skipped="0">
  <testcase classname="com.VtigerProject.genric.BaseClass" name="m1" time="20.294"/>
</testsuite> <!-- com.VtigerProject.genric.BaseClass -->
