<?xml version="1.0" encoding="UTF-8"?>
<!-- Generated by org.testng.reporters.JUnitReportReporter -->
<testsuite hostname="ASISH" failures="0" tests="3" name="com.VtigerProject.LeadsTestCases.DemoTest" time="0.014" errors="0" timestamp="2024-02-11T11:15:30 IST" skipped="0">
  <testcase classname="com.VtigerProject.LeadsTestCases.DemoTest" name="run" time="0.012"/>
  <system-out>
    <![CDATA[Run]]>
  </system-out>
  <testcase classname="com.VtigerProject.LeadsTestCases.DemoTest" name="start" time="0.001"/>
  <system-out>
    <![CDATA[Started]]>
  </system-out>
  <testcase classname="com.VtigerProject.LeadsTestCases.DemoTest" name="stop" time="0.001"/>
  <system-out>
    <![CDATA[Stoped]]>
  </system-out>
</testsuite> <!-- com.VtigerProject.LeadsTestCases.DemoTest -->
