<?xml version="1.0" encoding="UTF-8"?>
<!-- Generated by org.testng.reporters.JUnitReportReporter -->
<testsuite hostname="ASISH" failures="0" tests="3" name="com.VtigerProject.LeadsTestCases.LeadsMultipleDataTest" time="148.428" errors="0" timestamp="2024-02-11T11:09:39 IST" skipped="0">
  <testcase classname="com.VtigerProject.LeadsTestCases.LeadsMultipleDataTest" name="createLeadsWithMultipleData" time="52.749"/>
  <system-out>
    <![CDATA[Test Case is StartedcreateLeadsWithMultipleData
Test Case executed sucessfullycreateLeadsWithMultipleData]]>
  </system-out>
  <testcase classname="com.VtigerProject.LeadsTestCases.LeadsMultipleDataTest" name="createLeadsWithMultipleData" time="38.346"/>
  <system-out>
    <![CDATA[Test Case is StartedcreateLeadsWithMultipleData
Test Case executed sucessfullycreateLeadsWithMultipleData]]>
  </system-out>
  <testcase classname="com.VtigerProject.LeadsTestCases.LeadsMultipleDataTest" name="createLeadsWithMultipleData" time="57.333"/>
  <system-out>
    <![CDATA[Test Case is StartedcreateLeadsWithMultipleData
Test Case executed sucessfullycreateLeadsWithMultipleData]]>
  </system-out>
</testsuite> <!-- com.VtigerProject.LeadsTestCases.LeadsMultipleDataTest -->
